<?xml version="1.0" encoding="UTF-8"?>
<testng-results ignored="0" total="6" passed="6" failed="0" skipped="0">
  <reporter-output>
  </reporter-output>
  <suite started-at="2022-10-14T08:16:33 IST" name="Default suite" finished-at="2022-10-14T08:17:21 IST" duration-ms="47883">
    <groups>
    </groups>
    <test started-at="2022-10-14T08:16:33 IST" name="Default test" finished-at="2022-10-14T08:17:21 IST" duration-ms="47883">
      <class name="com.capstone.AadharCitizen">
        <test-method signature="ChromeBrowser()[pri:0, instance:com.capstone.AadharCitizen@28f3b248]" started-at="2022-10-14T08:16:33 IST" name="ChromeBrowser" finished-at="2022-10-14T08:16:38 IST" duration-ms="4958" status="PASS">
          <reporter-output>
          </reporter-output>
        </test-method> <!-- ChromeBrowser -->
        <test-method signature="CitizenCheck()[pri:0, instance:com.capstone.AadharCitizen@28f3b248]" started-at="2022-10-14T08:16:38 IST" name="CitizenCheck" finished-at="2022-10-14T08:16:48 IST" duration-ms="10423" status="PASS">
          <reporter-output>
          </reporter-output>
        </test-method> <!-- CitizenCheck -->
      </class> <!-- com.capstone.AadharCitizen -->
      <class name="com.capstone.AadharAdmin">
        <test-method signature="ChromeBrowser()[pri:0, instance:com.capstone.AadharAdmin@f736069]" started-at="2022-10-14T08:16:48 IST" name="ChromeBrowser" finished-at="2022-10-14T08:16:54 IST" duration-ms="5355" status="PASS">
          <reporter-output>
          </reporter-output>
        </test-method> <!-- ChromeBrowser -->
        <test-method signature="TestHome()[pri:0, instance:com.capstone.AadharAdmin@f736069]" started-at="2022-10-14T08:16:54 IST" name="TestHome" finished-at="2022-10-14T08:17:07 IST" duration-ms="13458" status="PASS">
          <reporter-output>
          </reporter-output>
        </test-method> <!-- TestHome -->
      </class> <!-- com.capstone.AadharAdmin -->
      <class name="com.capstone.AadharRegister">
        <test-method signature="ChromeBrowser()[pri:0, instance:com.capstone.AadharRegister@6da21078]" started-at="2022-10-14T08:17:07 IST" name="ChromeBrowser" finished-at="2022-10-14T08:17:13 IST" duration-ms="6412" status="PASS">
          <reporter-output>
          </reporter-output>
        </test-method> <!-- ChromeBrowser -->
        <test-method signature="TestHome()[pri:0, instance:com.capstone.AadharRegister@6da21078]" started-at="2022-10-14T08:17:13 IST" name="TestHome" finished-at="2022-10-14T08:17:21 IST" duration-ms="7230" status="PASS">
          <reporter-output>
          </reporter-output>
        </test-method> <!-- TestHome -->
      </class> <!-- com.capstone.AadharRegister -->
    </test> <!-- Default test -->
  </suite> <!-- Default suite -->
</testng-results>
