<?xml version="1.0" encoding="UTF-8"?>
<!-- Generated by org.testng.reporters.JUnitXMLReporter -->
<testsuite ignored="0" hostname="DESKTOP-8V979BB" failures="0" tests="6" name="Default test" time="47.883" errors="0" timestamp="2022-10-14T08:17:21 IST">
  <testcase classname="com.capstone.AadharCitizen" name="ChromeBrowser" time="4.958"/>
  <testcase classname="com.capstone.AadharCitizen" name="CitizenCheck" time="10.423"/>
  <testcase classname="com.capstone.AadharAdmin" name="ChromeBrowser" time="5.355"/>
  <testcase classname="com.capstone.AadharAdmin" name="TestHome" time="13.458"/>
  <testcase classname="com.capstone.AadharRegister" name="ChromeBrowser" time="6.412"/>
  <testcase classname="com.capstone.AadharRegister" name="TestHome" time="7.23"/>
</testsuite> <!-- Default test -->
